<?xml version="1.0" encoding="UTF-8"?>
<testsuite name="com.group.libraryapp.JUnitTest" tests="3" skipped="0" failures="0" errors="0" timestamp="2022-08-15T11:48:40" hostname="Wooksangui-MacBookPro.local" time="0.003">
  <properties/>
  <testcase name="test()" classname="com.group.libraryapp.JUnitTest" time="0.002"/>
  <testcase name="test1()" classname="com.group.libraryapp.JUnitTest" time="0.001"/>
  <testcase name="test2()" classname="com.group.libraryapp.JUnitTest" time="0.0"/>
  <system-out><![CDATA[모든 테스트 시작 전
각 테스트 시작 전
류욱상
각 테스트 종료 후
각 테스트 시작 전
test1
각 테스트 종료 후
각 테스트 시작 전
test2
각 테스트 종료 후
모든 테스트 종료 후
]]></system-out>
  <system-err><![CDATA[]]></system-err>
</testsuite>
