<?xml version="1.0" encoding="UTF-8"?>
<testsuite name="com.group.libraryapp.calculator.CalculatorTest" tests="5" skipped="0" failures="0" errors="0" timestamp="2022-08-15T05:24:50" hostname="Wooksangui-MacBookPro.local" time="0.092">
  <properties/>
  <testcase name="divideTest()" classname="com.group.libraryapp.calculator.CalculatorTest" time="0.073"/>
  <testcase name="addTest()" classname="com.group.libraryapp.calculator.CalculatorTest" time="0.001"/>
  <testcase name="multiplyTest()" classname="com.group.libraryapp.calculator.CalculatorTest" time="0.001"/>
  <testcase name="divideExceptionTest()" classname="com.group.libraryapp.calculator.CalculatorTest" time="0.007"/>
  <testcase name="minusTest()" classname="com.group.libraryapp.calculator.CalculatorTest" time="0.002"/>
  <system-out><![CDATA[]]></system-out>
  <system-err><![CDATA[]]></system-err>
</testsuite>
